e:\user\openglprojects\lab_mesh_skeleton\lab3\debug\vc141.pdb
e:\user\openglprojects\lab_mesh_skeleton\lab3\debug\vc141.idb
e:\user\openglprojects\lab_mesh_skeleton\lab3\debug\viewer.obj
e:\user\openglprojects\lab_mesh_skeleton\lab3\debug\texutils.obj
e:\user\openglprojects\lab_mesh_skeleton\lab3\debug\source.obj
e:\user\openglprojects\lab_mesh_skeleton\lab3\debug\plane.obj
e:\user\openglprojects\lab_mesh_skeleton\lab3\debug\myglwindow.obj
e:\user\openglprojects\lab_mesh_skeleton\lab3\debug\model.obj
e:\user\openglprojects\lab_mesh_skeleton\lab3\debug\interval.obj
e:\user\openglprojects\lab_mesh_skeleton\lab3\debug\spline.obj
e:\user\openglprojects\lab_mesh_skeleton\lab3\debug\gl3w.obj
e:\user\openglprojects\lab_mesh_skeleton\lab3\debug\splines.obj
e:\user\openglprojects\lab_mesh_skeleton\debug\mesh.exe
e:\user\openglprojects\lab_mesh_skeleton\debug\mesh.ilk
e:\user\openglprojects\lab_mesh_skeleton\debug\mesh.pdb
e:\user\openglprojects\lab_mesh_skeleton\lab3\debug\mesh.tlog\cl.command.1.tlog
e:\user\openglprojects\lab_mesh_skeleton\lab3\debug\mesh.tlog\cl.read.1.tlog
e:\user\openglprojects\lab_mesh_skeleton\lab3\debug\mesh.tlog\cl.write.1.tlog
e:\user\openglprojects\lab_mesh_skeleton\lab3\debug\mesh.tlog\link.command.1.tlog
e:\user\openglprojects\lab_mesh_skeleton\lab3\debug\mesh.tlog\link.read.1.tlog
e:\user\openglprojects\lab_mesh_skeleton\lab3\debug\mesh.tlog\link.write.1.tlog
